# JRE version: OpenJDK Runtime Environment Temurin-21.0.10+7 (21.0.10+7) (build 21.0.10+7-LTS)
# Java VM: OpenJDK 64-Bit Server VM Temurin-21.0.10+7 (21.0.10+7-LTS, mixed mode, sharing, tiered, compressed oops, compressed class ptrs, parallel gc, windows-amd64)
GC Precious Log:
 CardTable entry size: 512
 CPUs: 20 total, 20 available
 Memory: 16068M
 Large Page Support: Disabled
 NUMA Support: Disabled
 Compressed Oops: Enabled (32-bit)
 Alignments: Space 512K, Generation 512K, Heap 2M
 Heap Min Capacity: 100M
 Heap Initial Capacity: 100M
 Heap Max Capacity: 2G
 Pre-touch: Disabled
 Parallel Workers: 15
Heap:
 PSYoungGen      total 9216K, used 1006K [0x00000000d5580000, 0x00000000d5f80000, 0x0000000100000000)
  eden space 8192K, 7% used [0x00000000d5580000,0x00000000d56139c0,0x00000000d5d80000)
  from space 1024K, 40% used [0x00000000d5d80000,0x00000000d5de8000,0x00000000d5e80000)
  to   space 1024K, 0% used [0x00000000d5e80000,0x00000000d5e80000,0x00000000d5f80000)
 ParOldGen       total 267776K, used 153920K [0x0000000080000000, 0x0000000090580000, 0x00000000d5580000)
  object space 267776K, 57% used [0x0000000080000000,0x0000000089650300,0x0000000090580000)
 Metaspace       used 63624K, committed 65088K, reserved 1114112K
  class space    used 6514K, committed 7168K, reserved 1048576K
GC Heap History (20 events):
Event: 17.791 GC heap before
{Heap before GC invocations=178 (full 3):
 PSYoungGen      total 10752K, used 10400K [0x00000000d5580000, 0x00000000d6300000, 0x0000000100000000)
  eden space 9216K, 100% used [0x00000000d5580000,0x00000000d5e80000,0x00000000d5e80000)
  from space 1536K, 77% used [0x00000000d6180000,0x00000000d62a8000,0x00000000d6300000)
  to   space 2048K, 0% used [0x00000000d5f00000,0x00000000d5f00000,0x00000000d6100000)
 ParOldGen       total 267776K, used 88342K [0x0000000080000000, 0x0000000090580000, 0x00000000d5580000)
  object space 267776K, 32% used [0x0000000080000000,0x0000000085645a10,0x0000000090580000)
 Metaspace       used 63486K, committed 65024K, reserved 1114112K
  class space    used 6501K, committed 7168K, reserved 1048576K
}
Event: 17.792 GC heap after
{Heap after GC invocations=178 (full 3):
 PSYoungGen      total 10752K, used 1056K [0x00000000d5580000, 0x00000000d6200000, 0x0000000100000000)
  eden space 9216K, 0% used [0x00000000d5580000,0x00000000d5580000,0x00000000d5e80000)
  from space 1536K, 68% used [0x00000000d5f00000,0x00000000d6008000,0x00000000d6080000)
  to   space 1536K, 0% used [0x00000000d6080000,0x00000000d6080000,0x00000000d6200000)
 ParOldGen       total 267776K, used 88710K [0x0000000080000000, 0x0000000090580000, 0x00000000d5580000)
  object space 267776K, 33% used [0x0000000080000000,0x00000000856a1a10,0x0000000090580000)
 Metaspace       used 63486K, committed 65024K, reserved 1114112K
  class space    used 6501K, committed 7168K, reserved 1048576K
}
Event: 17.798 GC heap before
{Heap before GC invocations=179 (full 3):
 PSYoungGen      total 10752K, used 10272K [0x00000000d5580000, 0x00000000d6200000, 0x0000000100000000)
  eden space 9216K, 100% used [0x00000000d5580000,0x00000000d5e80000,0x00000000d5e80000)
  from space 1536K, 68% used [0x00000000d5f00000,0x00000000d6008000,0x00000000d6080000)
  to   space 1536K, 0% used [0x00000000d6080000,0x00000000d6080000,0x00000000d6200000)
 ParOldGen       total 267776K, used 88710K [0x0000000080000000, 0x0000000090580000, 0x00000000d5580000)
  object space 267776K, 33% used [0x0000000080000000,0x00000000856a1a10,0x0000000090580000)
 Metaspace       used 63488K, committed 65024K, reserved 1114112K
  class space    used 6502K, committed 7168K, reserved 1048576K
}
Event: 17.799 GC heap after
{Heap after GC invocations=179 (full 3):
 PSYoungGen      total 10240K, used 832K [0x00000000d5580000, 0x00000000d6180000, 0x0000000100000000)
  eden space 9216K, 0% used [0x00000000d5580000,0x00000000d5580000,0x00000000d5e80000)
  from space 1024K, 81% used [0x00000000d6080000,0x00000000d6150000,0x00000000d6180000)
  to   space 1024K, 0% used [0x00000000d5f80000,0x00000000d5f80000,0x00000000d6080000)
 ParOldGen       total 267776K, used 89486K [0x0000000080000000, 0x0000000090580000, 0x00000000d5580000)
  object space 267776K, 33% used [0x0000000080000000,0x0000000085763a10,0x0000000090580000)
 Metaspace       used 63488K, committed 65024K, reserved 1114112K
  class space    used 6502K, committed 7168K, reserved 1048576K
}
Event: 17.805 GC heap before
{Heap before GC invocations=180 (full 3):
 PSYoungGen      total 10240K, used 10048K [0x00000000d5580000, 0x00000000d6180000, 0x0000000100000000)
  eden space 9216K, 100% used [0x00000000d5580000,0x00000000d5e80000,0x00000000d5e80000)
  from space 1024K, 81% used [0x00000000d6080000,0x00000000d6150000,0x00000000d6180000)
  to   space 1024K, 0% used [0x00000000d5f80000,0x00000000d5f80000,0x00000000d6080000)
 ParOldGen       total 267776K, used 89486K [0x0000000080000000, 0x0000000090580000, 0x00000000d5580000)
  object space 267776K, 33% used [0x0000000080000000,0x0000000085763a10,0x0000000090580000)
 Metaspace       used 63489K, committed 65024K, reserved 1114112K
  class space    used 6502K, committed 7168K, reserved 1048576K
}
Event: 17.806 GC heap after
{Heap after GC invocations=180 (full 3):
 PSYoungGen      total 10240K, used 1024K [0x00000000d5580000, 0x00000000d6180000, 0x0000000100000000)
  eden space 9216K, 0% used [0x00000000d5580000,0x00000000d5580000,0x00000000d5e80000)
  from space 1024K, 100% used [0x00000000d5f80000,0x00000000d6080000,0x00000000d6080000)
  to   space 1024K, 0% used [0x00000000d6080000,0x00000000d6080000,0x00000000d6180000)
 ParOldGen       total 267776K, used 89862K [0x0000000080000000, 0x0000000090580000, 0x00000000d5580000)
  object space 267776K, 33% used [0x0000000080000000,0x00000000857c1a10,0x0000000090580000)
 Metaspace       used 63489K, committed 65024K, reserved 1114112K
  class space    used 6502K, committed 7168K, reserved 1048576K
}
Event: 17.812 GC heap before
{Heap before GC invocations=181 (full 3):
 PSYoungGen      total 10240K, used 10240K [0x00000000d5580000, 0x00000000d6180000, 0x0000000100000000)
  eden space 9216K, 100% used [0x00000000d5580000,0x00000000d5e80000,0x00000000d5e80000)
  from space 1024K, 100% used [0x00000000d5f80000,0x00000000d6080000,0x00000000d6080000)
  to   space 1024K, 0% used [0x00000000d6080000,0x00000000d6080000,0x00000000d6180000)
 ParOldGen       total 267776K, used 89862K [0x0000000080000000, 0x0000000090580000, 0x00000000d5580000)
  object space 267776K, 33% used [0x0000000080000000,0x00000000857c1a10,0x0000000090580000)
 Metaspace       used 63492K, committed 65024K, reserved 1114112K
  class space    used 6502K, committed 7168K, reserved 1048576K
}
Event: 17.813 GC heap after
{Heap after GC invocations=181 (full 3):
 PSYoungGen      total 10240K, used 1024K [0x00000000d5580000, 0x00000000d6180000, 0x0000000100000000)
  eden space 9216K, 0% used [0x00000000d5580000,0x00000000d5580000,0x00000000d5e80000)
  from space 1024K, 100% used [0x00000000d6080000,0x00000000d6180000,0x00000000d6180000)
  to   space 1536K, 0% used [0x00000000d5e80000,0x00000000d5e80000,0x00000000d6000000)
 ParOldGen       total 267776K, used 90094K [0x0000000080000000, 0x0000000090580000, 0x00000000d5580000)
  object space 267776K, 33% used [0x0000000080000000,0x00000000857fba10,0x0000000090580000)
 Metaspace       used 63492K, committed 65024K, reserved 1114112K
  class space    used 6502K, committed 7168K, reserved 1048576K
}
Event: 17.819 GC heap before
{Heap before GC invocations=182 (full 3):
 PSYoungGen      total 10240K, used 10240K [0x00000000d5580000, 0x00000000d6180000, 0x0000000100000000)
  eden space 9216K, 100% used [0x00000000d5580000,0x00000000d5e80000,0x00000000d5e80000)
  from space 1024K, 100% used [0x00000000d6080000,0x00000000d6180000,0x00000000d6180000)
  to   space 1536K, 0% used [0x00000000d5e80000,0x00000000d5e80000,0x00000000d6000000)
 ParOldGen       total 267776K, used 90094K [0x0000000080000000, 0x0000000090580000, 0x00000000d5580000)
  object space 267776K, 33% used [0x0000000080000000,0x00000000857fba10,0x0000000090580000)
 Metaspace       used 63492K, committed 65024K, reserved 1114112K
  class space    used 6502K, committed 7168K, reserved 1048576K
}
Event: 17.820 GC heap after
{Heap after GC invocations=182 (full 3):
 PSYoungGen      total 10752K, used 1040K [0x00000000d5580000, 0x00000000d6180000, 0x0000000100000000)
  eden space 9216K, 0% used [0x00000000d5580000,0x00000000d5580000,0x00000000d5e80000)
  from space 1536K, 67% used [0x00000000d5e80000,0x00000000d5f84010,0x00000000d6000000)
  to   space 1536K, 0% used [0x00000000d6000000,0x00000000d6000000,0x00000000d6180000)
 ParOldGen       total 267776K, used 90606K [0x0000000080000000, 0x0000000090580000, 0x00000000d5580000)
  object space 267776K, 33% used [0x0000000080000000,0x000000008587ba10,0x0000000090580000)
 Metaspace       used 63492K, committed 65024K, reserved 1114112K
  class space    used 6502K, committed 7168K, reserved 1048576K
}
Event: 17.827 GC heap before
{Heap before GC invocations=183 (full 3):
 PSYoungGen      total 10752K, used 10256K [0x00000000d5580000, 0x00000000d6180000, 0x0000000100000000)
  eden space 9216K, 100% used [0x00000000d5580000,0x00000000d5e80000,0x00000000d5e80000)
  from space 1536K, 67% used [0x00000000d5e80000,0x00000000d5f84010,0x00000000d6000000)
  to   space 1536K, 0% used [0x00000000d6000000,0x00000000d6000000,0x00000000d6180000)
 ParOldGen       total 267776K, used 90606K [0x0000000080000000, 0x0000000090580000, 0x00000000d5580000)
  object space 267776K, 33% used [0x0000000080000000,0x000000008587ba10,0x0000000090580000)
 Metaspace       used 63493K, committed 65024K, reserved 1114112K
  class space    used 6502K, committed 7168K, reserved 1048576K
}
Event: 17.829 GC heap after
{Heap after GC invocations=183 (full 3):
 PSYoungGen      total 9728K, used 1536K [0x00000000d5580000, 0x00000000d6380000, 0x0000000100000000)
  eden space 8192K, 0% used [0x00000000d5580000,0x00000000d5580000,0x00000000d5d80000)
  from space 1536K, 100% used [0x00000000d6000000,0x00000000d6180000,0x00000000d6180000)
  to   space 2560K, 0% used [0x00000000d5d80000,0x00000000d5d80000,0x00000000d6000000)
 ParOldGen       total 267776K, used 91192K [0x0000000080000000, 0x0000000090580000, 0x00000000d5580000)
  object space 267776K, 34% used [0x0000000080000000,0x000000008590e2a0,0x0000000090580000)
 Metaspace       used 63493K, committed 65024K, reserved 1114112K
  class space    used 6502K, committed 7168K, reserved 1048576K
}
Event: 17.832 GC heap before
{Heap before GC invocations=184 (full 3):
 PSYoungGen      total 9728K, used 9727K [0x00000000d5580000, 0x00000000d6380000, 0x0000000100000000)
  eden space 8192K, 99% used [0x00000000d5580000,0x00000000d5d7fff0,0x00000000d5d80000)
  from space 1536K, 100% used [0x00000000d6000000,0x00000000d6180000,0x00000000d6180000)
  to   space 2560K, 0% used [0x00000000d5d80000,0x00000000d5d80000,0x00000000d6000000)
 ParOldGen       total 267776K, used 91192K [0x0000000080000000, 0x0000000090580000, 0x00000000d5580000)
  object space 267776K, 34% used [0x0000000080000000,0x000000008590e2a0,0x0000000090580000)
 Metaspace       used 63494K, committed 65024K, reserved 1114112K
  class space    used 6502K, committed 7168K, reserved 1048576K
}
Event: 17.833 GC heap after
{Heap after GC invocations=184 (full 3):
 PSYoungGen      total 9728K, used 1120K [0x00000000d5580000, 0x00000000d6080000, 0x0000000100000000)
  eden space 8192K, 0% used [0x00000000d5580000,0x00000000d5580000,0x00000000d5d80000)
  from space 1536K, 72% used [0x00000000d5d80000,0x00000000d5e98000,0x00000000d5f00000)
  to   space 1536K, 0% used [0x00000000d5f00000,0x00000000d5f00000,0x00000000d6080000)
 ParOldGen       total 267776K, used 91632K [0x0000000080000000, 0x0000000090580000, 0x00000000d5580000)
  object space 267776K, 34% used [0x0000000080000000,0x000000008597c2a0,0x0000000090580000)
 Metaspace       used 63494K, committed 65024K, reserved 1114112K
  class space    used 6502K, committed 7168K, reserved 1048576K
}
Event: 17.836 GC heap before
{Heap before GC invocations=185 (full 3):
 PSYoungGen      total 9728K, used 9312K [0x00000000d5580000, 0x00000000d6080000, 0x0000000100000000)
  eden space 8192K, 100% used [0x00000000d5580000,0x00000000d5d80000,0x00000000d5d80000)
  from space 1536K, 72% used [0x00000000d5d80000,0x00000000d5e98000,0x00000000d5f00000)
  to   space 1536K, 0% used [0x00000000d5f00000,0x00000000d5f00000,0x00000000d6080000)
 ParOldGen       total 267776K, used 91632K [0x0000000080000000, 0x0000000090580000, 0x00000000d5580000)
  object space 267776K, 34% used [0x0000000080000000,0x000000008597c2a0,0x0000000090580000)
 Metaspace       used 63494K, committed 65024K, reserved 1114112K
  class space    used 6502K, committed 7168K, reserved 1048576K
}
Event: 17.838 GC heap after
{Heap after GC invocations=185 (full 3):
 PSYoungGen      total 9728K, used 1360K [0x00000000d5580000, 0x00000000d6280000, 0x0000000100000000)
  eden space 8192K, 0% used [0x00000000d5580000,0x00000000d5580000,0x00000000d5d80000)
  from space 1536K, 88% used [0x00000000d5f00000,0x00000000d6054010,0x00000000d6080000)
  to   space 1536K, 0% used [0x00000000d5d80000,0x00000000d5d80000,0x00000000d5f00000)
 ParOldGen       total 267776K, used 91784K [0x0000000080000000, 0x0000000090580000, 0x00000000d5580000)
  object space 267776K, 34% used [0x0000000080000000,0x00000000859a22a0,0x0000000090580000)
 Metaspace       used 63494K, committed 65024K, reserved 1114112K
  class space    used 6502K, committed 7168K, reserved 1048576K
}
Event: 17.849 GC heap before
{Heap before GC invocations=186 (full 3):
 PSYoungGen      total 9728K, used 9552K [0x00000000d5580000, 0x00000000d6280000, 0x0000000100000000)
  eden space 8192K, 100% used [0x00000000d5580000,0x00000000d5d80000,0x00000000d5d80000)
  from space 1536K, 88% used [0x00000000d5f00000,0x00000000d6054010,0x00000000d6080000)
  to   space 1536K, 0% used [0x00000000d5d80000,0x00000000d5d80000,0x00000000d5f00000)
 ParOldGen       total 267776K, used 91784K [0x0000000080000000, 0x0000000090580000, 0x00000000d5580000)
  object space 267776K, 34% used [0x0000000080000000,0x00000000859a22a0,0x0000000090580000)
 Metaspace       used 63495K, committed 65024K, reserved 1114112K
  class space    used 6502K, committed 7168K, reserved 1048576K
}
Event: 17.850 GC heap after
{Heap after GC invocations=186 (full 3):
 PSYoungGen      total 9216K, used 672K [0x00000000d5580000, 0x00000000d5f80000, 0x0000000100000000)
  eden space 8192K, 0% used [0x00000000d5580000,0x00000000d5580000,0x00000000d5d80000)
  from space 1024K, 65% used [0x00000000d5d80000,0x00000000d5e28000,0x00000000d5e80000)
  to   space 1024K, 0% used [0x00000000d5e80000,0x00000000d5e80000,0x00000000d5f80000)
 ParOldGen       total 267776K, used 91904K [0x0000000080000000, 0x0000000090580000, 0x00000000d5580000)
  object space 267776K, 34% used [0x0000000080000000,0x00000000859c02a0,0x0000000090580000)
 Metaspace       used 63495K, committed 65024K, reserved 1114112K
  class space    used 6502K, committed 7168K, reserved 1048576K
}
Event: 17.929 GC heap before
{Heap before GC invocations=187 (full 3):
 PSYoungGen      total 9216K, used 8864K [0x00000000d5580000, 0x00000000d5f80000, 0x0000000100000000)
  eden space 8192K, 100% used [0x00000000d5580000,0x00000000d5d80000,0x00000000d5d80000)
  from space 1024K, 65% used [0x00000000d5d80000,0x00000000d5e28000,0x00000000d5e80000)
  to   space 1024K, 0% used [0x00000000d5e80000,0x00000000d5e80000,0x00000000d5f80000)
 ParOldGen       total 267776K, used 153344K [0x0000000080000000, 0x0000000090580000, 0x00000000d5580000)
  object space 267776K, 57% used [0x0000000080000000,0x00000000895c0300,0x0000000090580000)
 Metaspace       used 63531K, committed 65024K, reserved 1114112K
  class space    used 6502K, committed 7168K, reserved 1048576K
}
Event: 17.930 GC heap after
{Heap after GC invocations=187 (full 3):
 PSYoungGen      total 9216K, used 704K [0x00000000d5580000, 0x00000000d5f80000, 0x0000000100000000)
  eden space 8192K, 0% used [0x00000000d5580000,0x00000000d5580000,0x00000000d5d80000)
  from space 1024K, 68% used [0x00000000d5e80000,0x00000000d5f30000,0x00000000d5f80000)
  to   space 1024K, 0% used [0x00000000d5d80000,0x00000000d5d80000,0x00000000d5e80000)
 ParOldGen       total 267776K, used 153688K [0x0000000080000000, 0x0000000090580000, 0x00000000d5580000)
  object space 267776K, 57% used [0x0000000080000000,0x0000000089616300,0x0000000090580000)
 Metaspace       used 63531K, committed 65024K, reserved 1114112K
  class space    used 6502K, committed 7168K, reserved 1048576K
}

