# JRE version: OpenJDK Runtime Environment Temurin-21.0.10+7 (21.0.10+7) (build 21.0.10+7-LTS)
# Java VM: OpenJDK 64-Bit Server VM Temurin-21.0.10+7 (21.0.10+7-LTS, mixed mode, sharing, tiered, compressed oops, compressed class ptrs, parallel gc, windows-amd64)
GC Precious Log:
 CardTable entry size: 512
 CPUs: 20 total, 20 available
 Memory: 16068M
 Large Page Support: Disabled
 NUMA Support: Disabled
 Compressed Oops: Enabled (32-bit)
 Alignments: Space 512K, Generation 512K, Heap 2M
 Heap Min Capacity: 100M
 Heap Initial Capacity: 100M
 Heap Max Capacity: 2G
 Pre-touch: Disabled
 Parallel Workers: 15
Heap:
 PSYoungGen      total 20480K, used 16869K [0x00000000d5580000, 0x00000000d6f00000, 0x0000000100000000)
  eden space 18944K, 80% used [0x00000000d5580000,0x00000000d64795e0,0x00000000d6800000)
  from space 1536K, 100% used [0x00000000d6d00000,0x00000000d6e80000,0x00000000d6e80000)
  to   space 3584K, 0% used [0x00000000d6800000,0x00000000d6800000,0x00000000d6b80000)
 ParOldGen       total 110080K, used 109802K [0x0000000080000000, 0x0000000086b80000, 0x00000000d5580000)
  object space 110080K, 99% used [0x0000000080000000,0x0000000086b3aa40,0x0000000086b80000)
 Metaspace       used 52469K, committed 53888K, reserved 1114112K
  class space    used 5533K, committed 6144K, reserved 1048576K
GC Heap History (20 events):
Event: 42.538 GC heap after
{Heap after GC invocations=87 (full 3):
 PSYoungGen      total 19968K, used 1920K [0x00000000d5580000, 0x00000000d6b00000, 0x0000000100000000)
  eden space 17920K, 0% used [0x00000000d5580000,0x00000000d5580000,0x00000000d6700000)
  from space 2048K, 93% used [0x00000000d6900000,0x00000000d6ae0000,0x00000000d6b00000)
  to   space 2048K, 0% used [0x00000000d6700000,0x00000000d6700000,0x00000000d6900000)
 ParOldGen       total 96256K, used 94612K [0x0000000080000000, 0x0000000085e00000, 0x00000000d5580000)
  object space 96256K, 98% used [0x0000000080000000,0x0000000085c652b0,0x0000000085e00000)
 Metaspace       used 52454K, committed 53824K, reserved 1114112K
  class space    used 5532K, committed 6144K, reserved 1048576K
}
Event: 42.569 GC heap before
{Heap before GC invocations=88 (full 3):
 PSYoungGen      total 19968K, used 19840K [0x00000000d5580000, 0x00000000d6b00000, 0x0000000100000000)
  eden space 17920K, 100% used [0x00000000d5580000,0x00000000d6700000,0x00000000d6700000)
  from space 2048K, 93% used [0x00000000d6900000,0x00000000d6ae0000,0x00000000d6b00000)
  to   space 2048K, 0% used [0x00000000d6700000,0x00000000d6700000,0x00000000d6900000)
 ParOldGen       total 96256K, used 94612K [0x0000000080000000, 0x0000000085e00000, 0x00000000d5580000)
  object space 96256K, 98% used [0x0000000080000000,0x0000000085c652b0,0x0000000085e00000)
 Metaspace       used 52456K, committed 53824K, reserved 1114112K
  class space    used 5532K, committed 6144K, reserved 1048576K
}
Event: 42.570 GC heap after
{Heap after GC invocations=88 (full 3):
 PSYoungGen      total 19968K, used 1440K [0x00000000d5580000, 0x00000000d6b00000, 0x0000000100000000)
  eden space 17920K, 0% used [0x00000000d5580000,0x00000000d5580000,0x00000000d6700000)
  from space 2048K, 70% used [0x00000000d6700000,0x00000000d6868000,0x00000000d6900000)
  to   space 2048K, 0% used [0x00000000d6900000,0x00000000d6900000,0x00000000d6b00000)
 ParOldGen       total 96256K, used 96156K [0x0000000080000000, 0x0000000085e00000, 0x00000000d5580000)
  object space 96256K, 99% used [0x0000000080000000,0x0000000085de72b0,0x0000000085e00000)
 Metaspace       used 52456K, committed 53824K, reserved 1114112K
  class space    used 5532K, committed 6144K, reserved 1048576K
}
Event: 42.606 GC heap before
{Heap before GC invocations=89 (full 3):
 PSYoungGen      total 19968K, used 19360K [0x00000000d5580000, 0x00000000d6b00000, 0x0000000100000000)
  eden space 17920K, 100% used [0x00000000d5580000,0x00000000d6700000,0x00000000d6700000)
  from space 2048K, 70% used [0x00000000d6700000,0x00000000d6868000,0x00000000d6900000)
  to   space 2048K, 0% used [0x00000000d6900000,0x00000000d6900000,0x00000000d6b00000)
 ParOldGen       total 96256K, used 96156K [0x0000000080000000, 0x0000000085e00000, 0x00000000d5580000)
  object space 96256K, 99% used [0x0000000080000000,0x0000000085de72b0,0x0000000085e00000)
 Metaspace       used 52456K, committed 53824K, reserved 1114112K
  class space    used 5532K, committed 6144K, reserved 1048576K
}
Event: 42.607 GC heap after
{Heap after GC invocations=89 (full 3):
 PSYoungGen      total 19968K, used 1856K [0x00000000d5580000, 0x00000000d6b00000, 0x0000000100000000)
  eden space 17920K, 0% used [0x00000000d5580000,0x00000000d5580000,0x00000000d6700000)
  from space 2048K, 90% used [0x00000000d6900000,0x00000000d6ad0000,0x00000000d6b00000)
  to   space 2048K, 0% used [0x00000000d6700000,0x00000000d6700000,0x00000000d6900000)
 ParOldGen       total 97792K, used 97388K [0x0000000080000000, 0x0000000085f80000, 0x00000000d5580000)
  object space 97792K, 99% used [0x0000000080000000,0x0000000085f1b2b0,0x0000000085f80000)
 Metaspace       used 52456K, committed 53824K, reserved 1114112K
  class space    used 5532K, committed 6144K, reserved 1048576K
}
Event: 42.685 GC heap before
{Heap before GC invocations=90 (full 3):
 PSYoungGen      total 19968K, used 19776K [0x00000000d5580000, 0x00000000d6b00000, 0x0000000100000000)
  eden space 17920K, 100% used [0x00000000d5580000,0x00000000d6700000,0x00000000d6700000)
  from space 2048K, 90% used [0x00000000d6900000,0x00000000d6ad0000,0x00000000d6b00000)
  to   space 2048K, 0% used [0x00000000d6700000,0x00000000d6700000,0x00000000d6900000)
 ParOldGen       total 97792K, used 97388K [0x0000000080000000, 0x0000000085f80000, 0x00000000d5580000)
  object space 97792K, 99% used [0x0000000080000000,0x0000000085f1b2b0,0x0000000085f80000)
 Metaspace       used 52464K, committed 53824K, reserved 1114112K
  class space    used 5532K, committed 6144K, reserved 1048576K
}
Event: 42.687 GC heap after
{Heap after GC invocations=90 (full 3):
 PSYoungGen      total 19968K, used 2048K [0x00000000d5580000, 0x00000000d6e00000, 0x0000000100000000)
  eden space 17920K, 0% used [0x00000000d5580000,0x00000000d5580000,0x00000000d6700000)
  from space 2048K, 100% used [0x00000000d6700000,0x00000000d6900000,0x00000000d6900000)
  to   space 3584K, 0% used [0x00000000d6a80000,0x00000000d6a80000,0x00000000d6e00000)
 ParOldGen       total 98816K, used 98508K [0x0000000080000000, 0x0000000086080000, 0x00000000d5580000)
  object space 98816K, 99% used [0x0000000080000000,0x00000000860332b0,0x0000000086080000)
 Metaspace       used 52464K, committed 53824K, reserved 1114112K
  class space    used 5532K, committed 6144K, reserved 1048576K
}
Event: 42.714 GC heap before
{Heap before GC invocations=91 (full 3):
 PSYoungGen      total 19968K, used 19968K [0x00000000d5580000, 0x00000000d6e00000, 0x0000000100000000)
  eden space 17920K, 100% used [0x00000000d5580000,0x00000000d6700000,0x00000000d6700000)
  from space 2048K, 100% used [0x00000000d6700000,0x00000000d6900000,0x00000000d6900000)
  to   space 3584K, 0% used [0x00000000d6a80000,0x00000000d6a80000,0x00000000d6e00000)
 ParOldGen       total 98816K, used 98508K [0x0000000080000000, 0x0000000086080000, 0x00000000d5580000)
  object space 98816K, 99% used [0x0000000080000000,0x00000000860332b0,0x0000000086080000)
 Metaspace       used 52464K, committed 53824K, reserved 1114112K
  class space    used 5532K, committed 6144K, reserved 1048576K
}
Event: 43.727 GC heap after
{Heap after GC invocations=91 (full 3):
 PSYoungGen      total 22528K, used 1632K [0x00000000d5580000, 0x00000000d6f80000, 0x0000000100000000)
  eden space 18944K, 0% used [0x00000000d5580000,0x00000000d5580000,0x00000000d6800000)
  from space 3584K, 45% used [0x00000000d6a80000,0x00000000d6c18000,0x00000000d6e00000)
  to   space 2560K, 0% used [0x00000000d6800000,0x00000000d6800000,0x00000000d6a80000)
 ParOldGen       total 100864K, used 100368K [0x0000000080000000, 0x0000000086280000, 0x00000000d5580000)
  object space 100864K, 99% used [0x0000000080000000,0x00000000862042c0,0x0000000086280000)
 Metaspace       used 52464K, committed 53824K, reserved 1114112K
  class space    used 5532K, committed 6144K, reserved 1048576K
}
Event: 43.775 GC heap before
{Heap before GC invocations=92 (full 3):
 PSYoungGen      total 22528K, used 20576K [0x00000000d5580000, 0x00000000d6f80000, 0x0000000100000000)
  eden space 18944K, 100% used [0x00000000d5580000,0x00000000d6800000,0x00000000d6800000)
  from space 3584K, 45% used [0x00000000d6a80000,0x00000000d6c18000,0x00000000d6e00000)
  to   space 2560K, 0% used [0x00000000d6800000,0x00000000d6800000,0x00000000d6a80000)
 ParOldGen       total 100864K, used 100368K [0x0000000080000000, 0x0000000086280000, 0x00000000d5580000)
  object space 100864K, 99% used [0x0000000080000000,0x00000000862042c0,0x0000000086280000)
 Metaspace       used 52465K, committed 53824K, reserved 1114112K
  class space    used 5532K, committed 6144K, reserved 1048576K
}
Event: 43.777 GC heap after
{Heap after GC invocations=92 (full 3):
 PSYoungGen      total 21504K, used 2176K [0x00000000d5580000, 0x00000000d7100000, 0x0000000100000000)
  eden space 18944K, 0% used [0x00000000d5580000,0x00000000d5580000,0x00000000d6800000)
  from space 2560K, 85% used [0x00000000d6800000,0x00000000d6a20000,0x00000000d6a80000)
  to   space 2560K, 0% used [0x00000000d6e80000,0x00000000d6e80000,0x00000000d7100000)
 ParOldGen       total 101888K, used 101718K [0x0000000080000000, 0x0000000086380000, 0x00000000d5580000)
  object space 101888K, 99% used [0x0000000080000000,0x0000000086355b00,0x0000000086380000)
 Metaspace       used 52465K, committed 53824K, reserved 1114112K
  class space    used 5532K, committed 6144K, reserved 1048576K
}
Event: 43.822 GC heap before
{Heap before GC invocations=93 (full 3):
 PSYoungGen      total 21504K, used 21120K [0x00000000d5580000, 0x00000000d7100000, 0x0000000100000000)
  eden space 18944K, 100% used [0x00000000d5580000,0x00000000d6800000,0x00000000d6800000)
  from space 2560K, 85% used [0x00000000d6800000,0x00000000d6a20000,0x00000000d6a80000)
  to   space 2560K, 0% used [0x00000000d6e80000,0x00000000d6e80000,0x00000000d7100000)
 ParOldGen       total 101888K, used 101718K [0x0000000080000000, 0x0000000086380000, 0x00000000d5580000)
  object space 101888K, 99% used [0x0000000080000000,0x0000000086355b00,0x0000000086380000)
 Metaspace       used 52468K, committed 53824K, reserved 1114112K
  class space    used 5533K, committed 6144K, reserved 1048576K
}
Event: 43.823 GC heap after
{Heap after GC invocations=93 (full 3):
 PSYoungGen      total 20480K, used 1376K [0x00000000d5580000, 0x00000000d7000000, 0x0000000100000000)
  eden space 18944K, 0% used [0x00000000d5580000,0x00000000d5580000,0x00000000d6800000)
  from space 1536K, 89% used [0x00000000d6e80000,0x00000000d6fd8000,0x00000000d7000000)
  to   space 2048K, 0% used [0x00000000d6c00000,0x00000000d6c00000,0x00000000d6e00000)
 ParOldGen       total 103424K, used 103402K [0x0000000080000000, 0x0000000086500000, 0x00000000d5580000)
  object space 103424K, 99% used [0x0000000080000000,0x00000000864fab10,0x0000000086500000)
 Metaspace       used 52468K, committed 53824K, reserved 1114112K
  class space    used 5533K, committed 6144K, reserved 1048576K
}
Event: 43.848 GC heap before
{Heap before GC invocations=94 (full 3):
 PSYoungGen      total 20480K, used 20320K [0x00000000d5580000, 0x00000000d7000000, 0x0000000100000000)
  eden space 18944K, 100% used [0x00000000d5580000,0x00000000d6800000,0x00000000d6800000)
  from space 1536K, 89% used [0x00000000d6e80000,0x00000000d6fd8000,0x00000000d7000000)
  to   space 2048K, 0% used [0x00000000d6c00000,0x00000000d6c00000,0x00000000d6e00000)
 ParOldGen       total 103424K, used 103402K [0x0000000080000000, 0x0000000086500000, 0x00000000d5580000)
  object space 103424K, 99% used [0x0000000080000000,0x00000000864fab10,0x0000000086500000)
 Metaspace       used 52468K, committed 53824K, reserved 1114112K
  class space    used 5533K, committed 6144K, reserved 1048576K
}
Event: 43.849 GC heap after
{Heap after GC invocations=94 (full 3):
 PSYoungGen      total 20992K, used 2032K [0x00000000d5580000, 0x00000000d7000000, 0x0000000100000000)
  eden space 18944K, 0% used [0x00000000d5580000,0x00000000d5580000,0x00000000d6800000)
  from space 2048K, 99% used [0x00000000d6c00000,0x00000000d6dfc010,0x00000000d6e00000)
  to   space 2048K, 0% used [0x00000000d6e00000,0x00000000d6e00000,0x00000000d7000000)
 ParOldGen       total 104960K, used 104794K [0x0000000080000000, 0x0000000086680000, 0x00000000d5580000)
  object space 104960K, 99% used [0x0000000080000000,0x0000000086656b10,0x0000000086680000)
 Metaspace       used 52468K, committed 53824K, reserved 1114112K
  class space    used 5533K, committed 6144K, reserved 1048576K
}
Event: 43.869 GC heap before
{Heap before GC invocations=95 (full 3):
 PSYoungGen      total 20992K, used 20976K [0x00000000d5580000, 0x00000000d7000000, 0x0000000100000000)
  eden space 18944K, 100% used [0x00000000d5580000,0x00000000d6800000,0x00000000d6800000)
  from space 2048K, 99% used [0x00000000d6c00000,0x00000000d6dfc010,0x00000000d6e00000)
  to   space 2048K, 0% used [0x00000000d6e00000,0x00000000d6e00000,0x00000000d7000000)
 ParOldGen       total 104960K, used 104794K [0x0000000080000000, 0x0000000086680000, 0x00000000d5580000)
  object space 104960K, 99% used [0x0000000080000000,0x0000000086656b10,0x0000000086680000)
 Metaspace       used 52469K, committed 53824K, reserved 1114112K
  class space    used 5533K, committed 6144K, reserved 1048576K
}
Event: 43.870 GC heap after
{Heap after GC invocations=95 (full 3):
 PSYoungGen      total 20992K, used 1856K [0x00000000d5580000, 0x00000000d7000000, 0x0000000100000000)
  eden space 18944K, 0% used [0x00000000d5580000,0x00000000d5580000,0x00000000d6800000)
  from space 2048K, 90% used [0x00000000d6e00000,0x00000000d6fd0000,0x00000000d7000000)
  to   space 2560K, 0% used [0x00000000d6b00000,0x00000000d6b00000,0x00000000d6d80000)
 ParOldGen       total 107008K, used 106814K [0x0000000080000000, 0x0000000086880000, 0x00000000d5580000)
  object space 107008K, 99% used [0x0000000080000000,0x000000008684f870,0x0000000086880000)
 Metaspace       used 52469K, committed 53824K, reserved 1114112K
  class space    used 5533K, committed 6144K, reserved 1048576K
}
Event: 43.889 GC heap before
{Heap before GC invocations=96 (full 3):
 PSYoungGen      total 20992K, used 20800K [0x00000000d5580000, 0x00000000d7000000, 0x0000000100000000)
  eden space 18944K, 100% used [0x00000000d5580000,0x00000000d6800000,0x00000000d6800000)
  from space 2048K, 90% used [0x00000000d6e00000,0x00000000d6fd0000,0x00000000d7000000)
  to   space 2560K, 0% used [0x00000000d6b00000,0x00000000d6b00000,0x00000000d6d80000)
 ParOldGen       total 107008K, used 106814K [0x0000000080000000, 0x0000000086880000, 0x00000000d5580000)
  object space 107008K, 99% used [0x0000000080000000,0x000000008684f870,0x0000000086880000)
 Metaspace       used 52469K, committed 53824K, reserved 1114112K
  class space    used 5533K, committed 6144K, reserved 1048576K
}
Event: 43.890 GC heap after
{Heap after GC invocations=96 (full 3):
 PSYoungGen      total 20992K, used 1664K [0x00000000d5580000, 0x00000000d6e80000, 0x0000000100000000)
  eden space 18944K, 0% used [0x00000000d5580000,0x00000000d5580000,0x00000000d6800000)
  from space 2048K, 81% used [0x00000000d6b00000,0x00000000d6ca0000,0x00000000d6d00000)
  to   space 1536K, 0% used [0x00000000d6d00000,0x00000000d6d00000,0x00000000d6e80000)
 ParOldGen       total 108544K, used 108342K [0x0000000080000000, 0x0000000086a00000, 0x00000000d5580000)
  object space 108544K, 99% used [0x0000000080000000,0x00000000869cd870,0x0000000086a00000)
 Metaspace       used 52469K, committed 53824K, reserved 1114112K
  class space    used 5533K, committed 6144K, reserved 1048576K
}
Event: 43.909 GC heap before
{Heap before GC invocations=97 (full 3):
 PSYoungGen      total 20992K, used 20608K [0x00000000d5580000, 0x00000000d6e80000, 0x0000000100000000)
  eden space 18944K, 100% used [0x00000000d5580000,0x00000000d6800000,0x00000000d6800000)
  from space 2048K, 81% used [0x00000000d6b00000,0x00000000d6ca0000,0x00000000d6d00000)
  to   space 1536K, 0% used [0x00000000d6d00000,0x00000000d6d00000,0x00000000d6e80000)
 ParOldGen       total 108544K, used 108342K [0x0000000080000000, 0x0000000086a00000, 0x00000000d5580000)
  object space 108544K, 99% used [0x0000000080000000,0x00000000869cd870,0x0000000086a00000)
 Metaspace       used 52469K, committed 53824K, reserved 1114112K
  class space    used 5533K, committed 6144K, reserved 1048576K
}

