# JRE version: OpenJDK Runtime Environment Temurin-21.0.10+7 (21.0.10+7) (build 21.0.10+7-LTS)
# Java VM: OpenJDK 64-Bit Server VM Temurin-21.0.10+7 (21.0.10+7-LTS, mixed mode, sharing, tiered, compressed oops, compressed class ptrs, parallel gc, windows-amd64)
GC Precious Log:
 CardTable entry size: 512
 CPUs: 20 total, 20 available
 Memory: 16068M
 Large Page Support: Disabled
 NUMA Support: Disabled
 Compressed Oops: Enabled (32-bit)
 Alignments: Space 512K, Generation 512K, Heap 2M
 Heap Min Capacity: 100M
 Heap Initial Capacity: 100M
 Heap Max Capacity: 2G
 Pre-touch: Disabled
 Parallel Workers: 15
Heap:
 PSYoungGen      total 9216K, used 8864K [0x00000000d5580000, 0x00000000d6000000, 0x0000000100000000)
  eden space 7680K, 100% used [0x00000000d5580000,0x00000000d5d00000,0x00000000d5d00000)
  from space 1536K, 77% used [0x00000000d5d00000,0x00000000d5e28000,0x00000000d5e80000)
  to   space 1536K, 60% used [0x00000000d5e80000,0x00000000d5f70010,0x00000000d6000000)
 ParOldGen       total 240640K, used 240427K [0x0000000080000000, 0x000000008eb00000, 0x00000000d5580000)
  object space 240640K, 99% used [0x0000000080000000,0x000000008ead0ee0,0x000000008eb00000)
 Metaspace       used 53747K, committed 55168K, reserved 1114112K
  class space    used 5660K, committed 6272K, reserved 1048576K
GC Heap History (20 events):
Event: 13.937 GC heap before
{Heap before GC invocations=123 (full 2):
 PSYoungGen      total 9216K, used 9017K [0x00000000d5580000, 0x00000000d5f80000, 0x0000000100000000)
  eden space 8192K, 100% used [0x00000000d5580000,0x00000000d5d80000,0x00000000d5d80000)
  from space 1024K, 80% used [0x00000000d5e80000,0x00000000d5f4e470,0x00000000d5f80000)
  to   space 1024K, 0% used [0x00000000d5d80000,0x00000000d5d80000,0x00000000d5e80000)
 ParOldGen       total 230400K, used 229933K [0x0000000080000000, 0x000000008e100000, 0x00000000d5580000)
  object space 230400K, 99% used [0x0000000080000000,0x000000008e08b578,0x000000008e100000)
 Metaspace       used 53335K, committed 54720K, reserved 1114112K
  class space    used 5603K, committed 6208K, reserved 1048576K
}
Event: 13.938 GC heap after
{Heap after GC invocations=123 (full 2):
 PSYoungGen      total 9216K, used 992K [0x00000000d5580000, 0x00000000d6180000, 0x0000000100000000)
  eden space 8192K, 0% used [0x00000000d5580000,0x00000000d5580000,0x00000000d5d80000)
  from space 1024K, 96% used [0x00000000d5d80000,0x00000000d5e78030,0x00000000d5e80000)
  to   space 2048K, 0% used [0x00000000d5f80000,0x00000000d5f80000,0x00000000d6180000)
 ParOldGen       total 230912K, used 230494K [0x0000000080000000, 0x000000008e180000, 0x00000000d5580000)
  object space 230912K, 99% used [0x0000000080000000,0x000000008e1179e8,0x000000008e180000)
 Metaspace       used 53335K, committed 54720K, reserved 1114112K
  class space    used 5603K, committed 6208K, reserved 1048576K
}
Event: 13.947 GC heap before
{Heap before GC invocations=124 (full 2):
 PSYoungGen      total 9216K, used 9184K [0x00000000d5580000, 0x00000000d6180000, 0x0000000100000000)
  eden space 8192K, 100% used [0x00000000d5580000,0x00000000d5d80000,0x00000000d5d80000)
  from space 1024K, 96% used [0x00000000d5d80000,0x00000000d5e78030,0x00000000d5e80000)
  to   space 2048K, 0% used [0x00000000d5f80000,0x00000000d5f80000,0x00000000d6180000)
 ParOldGen       total 230912K, used 230494K [0x0000000080000000, 0x000000008e180000, 0x00000000d5580000)
  object space 230912K, 99% used [0x0000000080000000,0x000000008e1179e8,0x000000008e180000)
 Metaspace       used 53335K, committed 54720K, reserved 1114112K
  class space    used 5603K, committed 6208K, reserved 1048576K
}
Event: 13.949 GC heap after
{Heap after GC invocations=124 (full 2):
 PSYoungGen      total 9728K, used 1088K [0x00000000d5580000, 0x00000000d6100000, 0x0000000100000000)
  eden space 8192K, 0% used [0x00000000d5580000,0x00000000d5580000,0x00000000d5d80000)
  from space 1536K, 70% used [0x00000000d5f80000,0x00000000d6090010,0x00000000d6100000)
  to   space 1536K, 0% used [0x00000000d5e00000,0x00000000d5e00000,0x00000000d5f80000)
 ParOldGen       total 231424K, used 231395K [0x0000000080000000, 0x000000008e200000, 0x00000000d5580000)
  object space 231424K, 99% used [0x0000000080000000,0x000000008e1f8d70,0x000000008e200000)
 Metaspace       used 53335K, committed 54720K, reserved 1114112K
  class space    used 5603K, committed 6208K, reserved 1048576K
}
Event: 13.960 GC heap before
{Heap before GC invocations=125 (full 2):
 PSYoungGen      total 9728K, used 9280K [0x00000000d5580000, 0x00000000d6100000, 0x0000000100000000)
  eden space 8192K, 100% used [0x00000000d5580000,0x00000000d5d80000,0x00000000d5d80000)
  from space 1536K, 70% used [0x00000000d5f80000,0x00000000d6090010,0x00000000d6100000)
  to   space 1536K, 0% used [0x00000000d5e00000,0x00000000d5e00000,0x00000000d5f80000)
 ParOldGen       total 231424K, used 231395K [0x0000000080000000, 0x000000008e200000, 0x00000000d5580000)
  object space 231424K, 99% used [0x0000000080000000,0x000000008e1f8d70,0x000000008e200000)
 Metaspace       used 53335K, committed 54720K, reserved 1114112K
  class space    used 5603K, committed 6208K, reserved 1048576K
}
Event: 13.961 GC heap after
{Heap after GC invocations=125 (full 2):
 PSYoungGen      total 9728K, used 1088K [0x00000000d5580000, 0x00000000d6080000, 0x0000000100000000)
  eden space 8192K, 0% used [0x00000000d5580000,0x00000000d5580000,0x00000000d5d80000)
  from space 1536K, 70% used [0x00000000d5e00000,0x00000000d5f10000,0x00000000d5f80000)
  to   space 1024K, 0% used [0x00000000d5f80000,0x00000000d5f80000,0x00000000d6080000)
 ParOldGen       total 232448K, used 232371K [0x0000000080000000, 0x000000008e300000, 0x00000000d5580000)
  object space 232448K, 99% used [0x0000000080000000,0x000000008e2ecd80,0x000000008e300000)
 Metaspace       used 53335K, committed 54720K, reserved 1114112K
  class space    used 5603K, committed 6208K, reserved 1048576K
}
Event: 14.000 GC heap before
{Heap before GC invocations=126 (full 2):
 PSYoungGen      total 9728K, used 9280K [0x00000000d5580000, 0x00000000d6080000, 0x0000000100000000)
  eden space 8192K, 100% used [0x00000000d5580000,0x00000000d5d80000,0x00000000d5d80000)
  from space 1536K, 70% used [0x00000000d5e00000,0x00000000d5f10000,0x00000000d5f80000)
  to   space 1024K, 0% used [0x00000000d5f80000,0x00000000d5f80000,0x00000000d6080000)
 ParOldGen       total 232448K, used 232371K [0x0000000080000000, 0x000000008e300000, 0x00000000d5580000)
  object space 232448K, 99% used [0x0000000080000000,0x000000008e2ecd80,0x000000008e300000)
 Metaspace       used 53680K, committed 55040K, reserved 1114112K
  class space    used 5659K, committed 6272K, reserved 1048576K
}
Event: 14.001 GC heap after
{Heap after GC invocations=126 (full 2):
 PSYoungGen      total 8704K, used 1009K [0x00000000d5580000, 0x00000000d6280000, 0x0000000100000000)
  eden space 7680K, 0% used [0x00000000d5580000,0x00000000d5580000,0x00000000d5d00000)
  from space 1024K, 98% used [0x00000000d5f80000,0x00000000d607c410,0x00000000d6080000)
  to   space 2560K, 0% used [0x00000000d5d00000,0x00000000d5d00000,0x00000000d5f80000)
 ParOldGen       total 233472K, used 233339K [0x0000000080000000, 0x000000008e400000, 0x00000000d5580000)
  object space 233472K, 99% used [0x0000000080000000,0x000000008e3ded80,0x000000008e400000)
 Metaspace       used 53680K, committed 55040K, reserved 1114112K
  class space    used 5659K, committed 6272K, reserved 1048576K
}
Event: 14.007 GC heap before
{Heap before GC invocations=127 (full 2):
 PSYoungGen      total 8704K, used 8689K [0x00000000d5580000, 0x00000000d6280000, 0x0000000100000000)
  eden space 7680K, 100% used [0x00000000d5580000,0x00000000d5d00000,0x00000000d5d00000)
  from space 1024K, 98% used [0x00000000d5f80000,0x00000000d607c410,0x00000000d6080000)
  to   space 2560K, 0% used [0x00000000d5d00000,0x00000000d5d00000,0x00000000d5f80000)
 ParOldGen       total 233472K, used 233339K [0x0000000080000000, 0x000000008e400000, 0x00000000d5580000)
  object space 233472K, 99% used [0x0000000080000000,0x000000008e3ded80,0x000000008e400000)
 Metaspace       used 53711K, committed 55040K, reserved 1114112K
  class space    used 5659K, committed 6272K, reserved 1048576K
}
Event: 14.008 GC heap after
{Heap after GC invocations=127 (full 2):
 PSYoungGen      total 8704K, used 992K [0x00000000d5580000, 0x00000000d6000000, 0x0000000100000000)
  eden space 7680K, 0% used [0x00000000d5580000,0x00000000d5580000,0x00000000d5d00000)
  from space 1024K, 96% used [0x00000000d5d00000,0x00000000d5df8000,0x00000000d5e00000)
  to   space 1536K, 0% used [0x00000000d5e80000,0x00000000d5e80000,0x00000000d6000000)
 ParOldGen       total 234496K, used 234349K [0x0000000080000000, 0x000000008e500000, 0x00000000d5580000)
  object space 234496K, 99% used [0x0000000080000000,0x000000008e4db6f8,0x000000008e500000)
 Metaspace       used 53711K, committed 55040K, reserved 1114112K
  class space    used 5659K, committed 6272K, reserved 1048576K
}
Event: 14.014 GC heap before
{Heap before GC invocations=128 (full 2):
 PSYoungGen      total 8704K, used 8672K [0x00000000d5580000, 0x00000000d6000000, 0x0000000100000000)
  eden space 7680K, 100% used [0x00000000d5580000,0x00000000d5d00000,0x00000000d5d00000)
  from space 1024K, 96% used [0x00000000d5d00000,0x00000000d5df8000,0x00000000d5e00000)
  to   space 1536K, 0% used [0x00000000d5e80000,0x00000000d5e80000,0x00000000d6000000)
 ParOldGen       total 234496K, used 234349K [0x0000000080000000, 0x000000008e500000, 0x00000000d5580000)
  object space 234496K, 99% used [0x0000000080000000,0x000000008e4db6f8,0x000000008e500000)
 Metaspace       used 53711K, committed 55040K, reserved 1114112K
  class space    used 5659K, committed 6272K, reserved 1048576K
}
Event: 14.015 GC heap after
{Heap after GC invocations=128 (full 2):
 PSYoungGen      total 9216K, used 1216K [0x00000000d5580000, 0x00000000d6000000, 0x0000000100000000)
  eden space 7680K, 0% used [0x00000000d5580000,0x00000000d5580000,0x00000000d5d00000)
  from space 1536K, 79% used [0x00000000d5e80000,0x00000000d5fb0010,0x00000000d6000000)
  to   space 1536K, 0% used [0x00000000d5d00000,0x00000000d5d00000,0x00000000d5e80000)
 ParOldGen       total 235520K, used 235213K [0x0000000080000000, 0x000000008e600000, 0x00000000d5580000)
  object space 235520K, 99% used [0x0000000080000000,0x000000008e5b36f8,0x000000008e600000)
 Metaspace       used 53711K, committed 55040K, reserved 1114112K
  class space    used 5659K, committed 6272K, reserved 1048576K
}
Event: 14.029 GC heap before
{Heap before GC invocations=129 (full 2):
 PSYoungGen      total 9216K, used 8896K [0x00000000d5580000, 0x00000000d6000000, 0x0000000100000000)
  eden space 7680K, 100% used [0x00000000d5580000,0x00000000d5d00000,0x00000000d5d00000)
  from space 1536K, 79% used [0x00000000d5e80000,0x00000000d5fb0010,0x00000000d6000000)
  to   space 1536K, 0% used [0x00000000d5d00000,0x00000000d5d00000,0x00000000d5e80000)
 ParOldGen       total 235520K, used 235213K [0x0000000080000000, 0x000000008e600000, 0x00000000d5580000)
  object space 235520K, 99% used [0x0000000080000000,0x000000008e5b36f8,0x000000008e600000)
 Metaspace       used 53724K, committed 55104K, reserved 1114112K
  class space    used 5659K, committed 6272K, reserved 1048576K
}
Event: 14.030 GC heap after
{Heap after GC invocations=129 (full 2):
 PSYoungGen      total 9216K, used 1346K [0x00000000d5580000, 0x00000000d6000000, 0x0000000100000000)
  eden space 7680K, 0% used [0x00000000d5580000,0x00000000d5580000,0x00000000d5d00000)
  from space 1536K, 87% used [0x00000000d5d00000,0x00000000d5e50800,0x00000000d5e80000)
  to   space 1536K, 0% used [0x00000000d5e80000,0x00000000d5e80000,0x00000000d6000000)
 ParOldGen       total 236544K, used 236165K [0x0000000080000000, 0x000000008e700000, 0x00000000d5580000)
  object space 236544K, 99% used [0x0000000080000000,0x000000008e6a1708,0x000000008e700000)
 Metaspace       used 53724K, committed 55104K, reserved 1114112K
  class space    used 5659K, committed 6272K, reserved 1048576K
}
Event: 14.035 GC heap before
{Heap before GC invocations=130 (full 2):
 PSYoungGen      total 9216K, used 9026K [0x00000000d5580000, 0x00000000d6000000, 0x0000000100000000)
  eden space 7680K, 100% used [0x00000000d5580000,0x00000000d5d00000,0x00000000d5d00000)
  from space 1536K, 87% used [0x00000000d5d00000,0x00000000d5e50800,0x00000000d5e80000)
  to   space 1536K, 0% used [0x00000000d5e80000,0x00000000d5e80000,0x00000000d6000000)
 ParOldGen       total 236544K, used 236165K [0x0000000080000000, 0x000000008e700000, 0x00000000d5580000)
  object space 236544K, 99% used [0x0000000080000000,0x000000008e6a1708,0x000000008e700000)
 Metaspace       used 53724K, committed 55104K, reserved 1114112K
  class space    used 5659K, committed 6272K, reserved 1048576K
}
Event: 14.036 GC heap after
{Heap after GC invocations=130 (full 2):
 PSYoungGen      total 9216K, used 896K [0x00000000d5580000, 0x00000000d6000000, 0x0000000100000000)
  eden space 7680K, 0% used [0x00000000d5580000,0x00000000d5580000,0x00000000d5d00000)
  from space 1536K, 58% used [0x00000000d5e80000,0x00000000d5f60000,0x00000000d6000000)
  to   space 1536K, 0% used [0x00000000d5d00000,0x00000000d5d00000,0x00000000d5e80000)
 ParOldGen       total 237568K, used 237290K [0x0000000080000000, 0x000000008e800000, 0x00000000d5580000)
  object space 237568K, 99% used [0x0000000080000000,0x000000008e7ba9b8,0x000000008e800000)
 Metaspace       used 53724K, committed 55104K, reserved 1114112K
  class space    used 5659K, committed 6272K, reserved 1048576K
}
Event: 14.045 GC heap before
{Heap before GC invocations=131 (full 2):
 PSYoungGen      total 9216K, used 8576K [0x00000000d5580000, 0x00000000d6000000, 0x0000000100000000)
  eden space 7680K, 100% used [0x00000000d5580000,0x00000000d5d00000,0x00000000d5d00000)
  from space 1536K, 58% used [0x00000000d5e80000,0x00000000d5f60000,0x00000000d6000000)
  to   space 1536K, 0% used [0x00000000d5d00000,0x00000000d5d00000,0x00000000d5e80000)
 ParOldGen       total 237568K, used 237290K [0x0000000080000000, 0x000000008e800000, 0x00000000d5580000)
  object space 237568K, 99% used [0x0000000080000000,0x000000008e7ba9b8,0x000000008e800000)
 Metaspace       used 53731K, committed 55168K, reserved 1114112K
  class space    used 5659K, committed 6272K, reserved 1048576K
}
Event: 14.046 GC heap after
{Heap after GC invocations=131 (full 2):
 PSYoungGen      total 9216K, used 1252K [0x00000000d5580000, 0x00000000d6000000, 0x0000000100000000)
  eden space 7680K, 0% used [0x00000000d5580000,0x00000000d5580000,0x00000000d5d00000)
  from space 1536K, 81% used [0x00000000d5d00000,0x00000000d5e39000,0x00000000d5e80000)
  to   space 1536K, 0% used [0x00000000d5e80000,0x00000000d5e80000,0x00000000d6000000)
 ParOldGen       total 238080K, used 238026K [0x0000000080000000, 0x000000008e880000, 0x00000000d5580000)
  object space 238080K, 99% used [0x0000000080000000,0x000000008e8729b8,0x000000008e880000)
 Metaspace       used 53731K, committed 55168K, reserved 1114112K
  class space    used 5659K, committed 6272K, reserved 1048576K
}
Event: 14.052 GC heap before
{Heap before GC invocations=132 (full 2):
 PSYoungGen      total 9216K, used 8932K [0x00000000d5580000, 0x00000000d6000000, 0x0000000100000000)
  eden space 7680K, 100% used [0x00000000d5580000,0x00000000d5d00000,0x00000000d5d00000)
  from space 1536K, 81% used [0x00000000d5d00000,0x00000000d5e39000,0x00000000d5e80000)
  to   space 1536K, 0% used [0x00000000d5e80000,0x00000000d5e80000,0x00000000d6000000)
 ParOldGen       total 238080K, used 238026K [0x0000000080000000, 0x000000008e880000, 0x00000000d5580000)
  object space 238080K, 99% used [0x0000000080000000,0x000000008e8729b8,0x000000008e880000)
 Metaspace       used 53731K, committed 55168K, reserved 1114112K
  class space    used 5659K, committed 6272K, reserved 1048576K
}
Event: 14.053 GC heap after
{Heap after GC invocations=132 (full 2):
 PSYoungGen      total 9216K, used 1024K [0x00000000d5580000, 0x00000000d6000000, 0x0000000100000000)
  eden space 7680K, 0% used [0x00000000d5580000,0x00000000d5580000,0x00000000d5d00000)
  from space 1536K, 66% used [0x00000000d5e80000,0x00000000d5f80000,0x00000000d6000000)
  to   space 1536K, 0% used [0x00000000d5d00000,0x00000000d5d00000,0x00000000d5e80000)
 ParOldGen       total 239104K, used 239043K [0x0000000080000000, 0x000000008e980000, 0x00000000d5580000)
  object space 239104K, 99% used [0x0000000080000000,0x000000008e970ee0,0x000000008e980000)
 Metaspace       used 53731K, committed 55168K, reserved 1114112K
  class space    used 5659K, committed 6272K, reserved 1048576K
}

