# JRE version: OpenJDK Runtime Environment Temurin-21.0.10+7 (21.0.10+7) (build 21.0.10+7-LTS)
# Java VM: OpenJDK 64-Bit Server VM Temurin-21.0.10+7 (21.0.10+7-LTS, mixed mode, sharing, tiered, compressed oops, compressed class ptrs, parallel gc, windows-amd64)
GC Precious Log:
 CardTable entry size: 512
 CPUs: 20 total, 20 available
 Memory: 16068M
 Large Page Support: Disabled
 NUMA Support: Disabled
 Compressed Oops: Enabled (32-bit)
 Alignments: Space 512K, Generation 512K, Heap 2M
 Heap Min Capacity: 100M
 Heap Initial Capacity: 100M
 Heap Max Capacity: 2G
 Pre-touch: Disabled
 Parallel Workers: 15
Heap:
 PSYoungGen      total 22528K, used 20759K [0x00000000d5580000, 0x00000000d6f80000, 0x0000000100000000)
  eden space 22016K, 92% used [0x00000000d5580000,0x00000000d6948e30,0x00000000d6b00000)
  from space 512K, 97% used [0x00000000d6f00000,0x00000000d6f7ce68,0x00000000d6f80000)
  to   space 2048K, 0% used [0x00000000d6b80000,0x00000000d6b80000,0x00000000d6d80000)
 ParOldGen       total 68608K, used 21392K [0x0000000080000000, 0x0000000084300000, 0x00000000d5580000)
  object space 68608K, 31% used [0x0000000080000000,0x00000000814e42a8,0x0000000084300000)
 Metaspace       used 34045K, committed 35264K, reserved 1114112K
  class space    used 3380K, committed 3904K, reserved 1048576K
GC Heap History (20 events):
Event: 4.182 GC heap before
{Heap before GC invocations=8 (full 0):
 PSYoungGen      total 28672K, used 28354K [0x00000000d5580000, 0x00000000d7800000, 0x0000000100000000)
  eden space 23040K, 100% used [0x00000000d5580000,0x00000000d6c00000,0x00000000d6c00000)
  from space 5632K, 94% used [0x00000000d6c80000,0x00000000d71b0b78,0x00000000d7200000)
  to   space 6144K, 0% used [0x00000000d7200000,0x00000000d7200000,0x00000000d7800000)
 ParOldGen       total 68608K, used 10867K [0x0000000080000000, 0x0000000084300000, 0x00000000d5580000)
  object space 68608K, 15% used [0x0000000080000000,0x0000000080a9cf38,0x0000000084300000)
 Metaspace       used 18221K, committed 18944K, reserved 1114112K
  class space    used 1887K, committed 2176K, reserved 1048576K
}
Event: 4.184 GC heap after
{Heap after GC invocations=8 (full 0):
 PSYoungGen      total 26624K, used 4083K [0x00000000d5580000, 0x00000000d7600000, 0x0000000100000000)
  eden space 22528K, 0% used [0x00000000d5580000,0x00000000d5580000,0x00000000d6b80000)
  from space 4096K, 99% used [0x00000000d7200000,0x00000000d75fcc40,0x00000000d7600000)
  to   space 5120K, 0% used [0x00000000d6c00000,0x00000000d6c00000,0x00000000d7100000)
 ParOldGen       total 68608K, used 12540K [0x0000000080000000, 0x0000000084300000, 0x00000000d5580000)
  object space 68608K, 18% used [0x0000000080000000,0x0000000080c3f240,0x0000000084300000)
 Metaspace       used 18221K, committed 18944K, reserved 1114112K
  class space    used 1887K, committed 2176K, reserved 1048576K
}
Event: 4.439 GC heap before
{Heap before GC invocations=9 (full 0):
 PSYoungGen      total 26624K, used 26611K [0x00000000d5580000, 0x00000000d7600000, 0x0000000100000000)
  eden space 22528K, 100% used [0x00000000d5580000,0x00000000d6b80000,0x00000000d6b80000)
  from space 4096K, 99% used [0x00000000d7200000,0x00000000d75fcc40,0x00000000d7600000)
  to   space 5120K, 0% used [0x00000000d6c00000,0x00000000d6c00000,0x00000000d7100000)
 ParOldGen       total 68608K, used 12540K [0x0000000080000000, 0x0000000084300000, 0x00000000d5580000)
  object space 68608K, 18% used [0x0000000080000000,0x0000000080c3f240,0x0000000084300000)
 Metaspace       used 20105K, committed 20928K, reserved 1114112K
  class space    used 2100K, committed 2496K, reserved 1048576K
}
Event: 4.441 GC heap after
{Heap after GC invocations=9 (full 0):
 PSYoungGen      total 26112K, used 3849K [0x00000000d5580000, 0x00000000d7300000, 0x0000000100000000)
  eden space 22016K, 0% used [0x00000000d5580000,0x00000000d5580000,0x00000000d6b00000)
  from space 4096K, 93% used [0x00000000d6c00000,0x00000000d6fc2418,0x00000000d7000000)
  to   space 3072K, 0% used [0x00000000d7000000,0x00000000d7000000,0x00000000d7300000)
 ParOldGen       total 68608K, used 14045K [0x0000000080000000, 0x0000000084300000, 0x00000000d5580000)
  object space 68608K, 20% used [0x0000000080000000,0x0000000080db7538,0x0000000084300000)
 Metaspace       used 20105K, committed 20928K, reserved 1114112K
  class space    used 2100K, committed 2496K, reserved 1048576K
}
Event: 4.471 GC heap before
{Heap before GC invocations=10 (full 0):
 PSYoungGen      total 26112K, used 7041K [0x00000000d5580000, 0x00000000d7300000, 0x0000000100000000)
  eden space 22016K, 14% used [0x00000000d5580000,0x00000000d589e028,0x00000000d6b00000)
  from space 4096K, 93% used [0x00000000d6c00000,0x00000000d6fc2418,0x00000000d7000000)
  to   space 3072K, 0% used [0x00000000d7000000,0x00000000d7000000,0x00000000d7300000)
 ParOldGen       total 68608K, used 14045K [0x0000000080000000, 0x0000000084300000, 0x00000000d5580000)
  object space 68608K, 20% used [0x0000000080000000,0x0000000080db7538,0x0000000084300000)
 Metaspace       used 20641K, committed 21504K, reserved 1114112K
  class space    used 2163K, committed 2560K, reserved 1048576K
}
Event: 4.473 GC heap after
{Heap after GC invocations=10 (full 0):
 PSYoungGen      total 24064K, used 1639K [0x00000000d5580000, 0x00000000d7200000, 0x0000000100000000)
  eden space 22016K, 0% used [0x00000000d5580000,0x00000000d5580000,0x00000000d6b00000)
  from space 2048K, 80% used [0x00000000d7000000,0x00000000d7199d48,0x00000000d7200000)
  to   space 2560K, 0% used [0x00000000d6d00000,0x00000000d6d00000,0x00000000d6f80000)
 ParOldGen       total 68608K, used 16265K [0x0000000080000000, 0x0000000084300000, 0x00000000d5580000)
  object space 68608K, 23% used [0x0000000080000000,0x0000000080fe27a0,0x0000000084300000)
 Metaspace       used 20641K, committed 21504K, reserved 1114112K
  class space    used 2163K, committed 2560K, reserved 1048576K
}
Event: 4.473 GC heap before
{Heap before GC invocations=11 (full 1):
 PSYoungGen      total 24064K, used 1639K [0x00000000d5580000, 0x00000000d7200000, 0x0000000100000000)
  eden space 22016K, 0% used [0x00000000d5580000,0x00000000d5580000,0x00000000d6b00000)
  from space 2048K, 80% used [0x00000000d7000000,0x00000000d7199d48,0x00000000d7200000)
  to   space 2560K, 0% used [0x00000000d6d00000,0x00000000d6d00000,0x00000000d6f80000)
 ParOldGen       total 68608K, used 16265K [0x0000000080000000, 0x0000000084300000, 0x00000000d5580000)
  object space 68608K, 23% used [0x0000000080000000,0x0000000080fe27a0,0x0000000084300000)
 Metaspace       used 20641K, committed 21504K, reserved 1114112K
  class space    used 2163K, committed 2560K, reserved 1048576K
}
Event: 4.501 GC heap after
{Heap after GC invocations=11 (full 1):
 PSYoungGen      total 24064K, used 0K [0x00000000d5580000, 0x00000000d7200000, 0x0000000100000000)
  eden space 22016K, 0% used [0x00000000d5580000,0x00000000d5580000,0x00000000d6b00000)
  from space 2048K, 0% used [0x00000000d7000000,0x00000000d7000000,0x00000000d7200000)
  to   space 2560K, 0% used [0x00000000d6d00000,0x00000000d6d00000,0x00000000d6f80000)
 ParOldGen       total 68608K, used 15602K [0x0000000080000000, 0x0000000084300000, 0x00000000d5580000)
  object space 68608K, 22% used [0x0000000080000000,0x0000000080f3c868,0x0000000084300000)
 Metaspace       used 20629K, committed 21504K, reserved 1114112K
  class space    used 2159K, committed 2560K, reserved 1048576K
}
Event: 4.826 GC heap before
{Heap before GC invocations=12 (full 1):
 PSYoungGen      total 24064K, used 22016K [0x00000000d5580000, 0x00000000d7200000, 0x0000000100000000)
  eden space 22016K, 100% used [0x00000000d5580000,0x00000000d6b00000,0x00000000d6b00000)
  from space 2048K, 0% used [0x00000000d7000000,0x00000000d7000000,0x00000000d7200000)
  to   space 2560K, 0% used [0x00000000d6d00000,0x00000000d6d00000,0x00000000d6f80000)
 ParOldGen       total 68608K, used 15602K [0x0000000080000000, 0x0000000084300000, 0x00000000d5580000)
  object space 68608K, 22% used [0x0000000080000000,0x0000000080f3c868,0x0000000084300000)
 Metaspace       used 22951K, committed 23936K, reserved 1114112K
  class space    used 2382K, committed 2816K, reserved 1048576K
}
Event: 4.828 GC heap after
{Heap after GC invocations=12 (full 1):
 PSYoungGen      total 24576K, used 2349K [0x00000000d5580000, 0x00000000d7080000, 0x0000000100000000)
  eden space 22016K, 0% used [0x00000000d5580000,0x00000000d5580000,0x00000000d6b00000)
  from space 2560K, 91% used [0x00000000d6d00000,0x00000000d6f4b5a0,0x00000000d6f80000)
  to   space 1024K, 0% used [0x00000000d6f80000,0x00000000d6f80000,0x00000000d7080000)
 ParOldGen       total 68608K, used 15610K [0x0000000080000000, 0x0000000084300000, 0x00000000d5580000)
  object space 68608K, 22% used [0x0000000080000000,0x0000000080f3e868,0x0000000084300000)
 Metaspace       used 22951K, committed 23936K, reserved 1114112K
  class space    used 2382K, committed 2816K, reserved 1048576K
}
Event: 4.942 GC heap before
{Heap before GC invocations=13 (full 1):
 PSYoungGen      total 24576K, used 24338K [0x00000000d5580000, 0x00000000d7080000, 0x0000000100000000)
  eden space 22016K, 99% used [0x00000000d5580000,0x00000000d6af9450,0x00000000d6b00000)
  from space 2560K, 91% used [0x00000000d6d00000,0x00000000d6f4b5a0,0x00000000d6f80000)
  to   space 1024K, 0% used [0x00000000d6f80000,0x00000000d6f80000,0x00000000d7080000)
 ParOldGen       total 68608K, used 15610K [0x0000000080000000, 0x0000000084300000, 0x00000000d5580000)
  object space 68608K, 22% used [0x0000000080000000,0x0000000080f3e868,0x0000000084300000)
 Metaspace       used 24712K, committed 25664K, reserved 1114112K
  class space    used 2470K, committed 2880K, reserved 1048576K
}
Event: 4.944 GC heap after
{Heap after GC invocations=13 (full 1):
 PSYoungGen      total 22528K, used 454K [0x00000000d5580000, 0x00000000d7000000, 0x0000000100000000)
  eden space 22016K, 0% used [0x00000000d5580000,0x00000000d5580000,0x00000000d6b00000)
  from space 512K, 88% used [0x00000000d6f80000,0x00000000d6ff18d0,0x00000000d7000000)
  to   space 1536K, 0% used [0x00000000d6d00000,0x00000000d6d00000,0x00000000d6e80000)
 ParOldGen       total 68608K, used 17691K [0x0000000080000000, 0x0000000084300000, 0x00000000d5580000)
  object space 68608K, 25% used [0x0000000080000000,0x0000000081146f38,0x0000000084300000)
 Metaspace       used 24712K, committed 25664K, reserved 1114112K
  class space    used 2470K, committed 2880K, reserved 1048576K
}
Event: 5.143 GC heap before
{Heap before GC invocations=14 (full 1):
 PSYoungGen      total 22528K, used 22440K [0x00000000d5580000, 0x00000000d7000000, 0x0000000100000000)
  eden space 22016K, 99% used [0x00000000d5580000,0x00000000d6af8b08,0x00000000d6b00000)
  from space 512K, 88% used [0x00000000d6f80000,0x00000000d6ff18d0,0x00000000d7000000)
  to   space 1536K, 0% used [0x00000000d6d00000,0x00000000d6d00000,0x00000000d6e80000)
 ParOldGen       total 68608K, used 17691K [0x0000000080000000, 0x0000000084300000, 0x00000000d5580000)
  object space 68608K, 25% used [0x0000000080000000,0x0000000081146f38,0x0000000084300000)
 Metaspace       used 26949K, committed 27904K, reserved 1114112K
  class space    used 2651K, committed 3072K, reserved 1048576K
}
Event: 5.144 GC heap after
{Heap after GC invocations=14 (full 1):
 PSYoungGen      total 23552K, used 472K [0x00000000d5580000, 0x00000000d7000000, 0x0000000100000000)
  eden space 22016K, 0% used [0x00000000d5580000,0x00000000d5580000,0x00000000d6b00000)
  from space 1536K, 30% used [0x00000000d6d00000,0x00000000d6d76090,0x00000000d6e80000)
  to   space 1024K, 0% used [0x00000000d6f00000,0x00000000d6f00000,0x00000000d7000000)
 ParOldGen       total 68608K, used 17835K [0x0000000080000000, 0x0000000084300000, 0x00000000d5580000)
  object space 68608K, 25% used [0x0000000080000000,0x000000008116af38,0x0000000084300000)
 Metaspace       used 26949K, committed 27904K, reserved 1114112K
  class space    used 2651K, committed 3072K, reserved 1048576K
}
Event: 5.267 GC heap before
{Heap before GC invocations=15 (full 1):
 PSYoungGen      total 23552K, used 22488K [0x00000000d5580000, 0x00000000d7000000, 0x0000000100000000)
  eden space 22016K, 100% used [0x00000000d5580000,0x00000000d6b00000,0x00000000d6b00000)
  from space 1536K, 30% used [0x00000000d6d00000,0x00000000d6d76090,0x00000000d6e80000)
  to   space 1024K, 0% used [0x00000000d6f00000,0x00000000d6f00000,0x00000000d7000000)
 ParOldGen       total 68608K, used 17835K [0x0000000080000000, 0x0000000084300000, 0x00000000d5580000)
  object space 68608K, 25% used [0x0000000080000000,0x000000008116af38,0x0000000084300000)
 Metaspace       used 28051K, committed 29056K, reserved 1114112K
  class space    used 2729K, committed 3200K, reserved 1048576K
}
Event: 5.269 GC heap after
{Heap after GC invocations=15 (full 1):
 PSYoungGen      total 23040K, used 686K [0x00000000d5580000, 0x00000000d7000000, 0x0000000100000000)
  eden space 22016K, 0% used [0x00000000d5580000,0x00000000d5580000,0x00000000d6b00000)
  from space 1024K, 67% used [0x00000000d6f00000,0x00000000d6fab8a0,0x00000000d7000000)
  to   space 1024K, 0% used [0x00000000d6e00000,0x00000000d6e00000,0x00000000d6f00000)
 ParOldGen       total 68608K, used 19572K [0x0000000080000000, 0x0000000084300000, 0x00000000d5580000)
  object space 68608K, 28% used [0x0000000080000000,0x000000008131d2b0,0x0000000084300000)
 Metaspace       used 28051K, committed 29056K, reserved 1114112K
  class space    used 2729K, committed 3200K, reserved 1048576K
}
Event: 5.500 GC heap before
{Heap before GC invocations=16 (full 1):
 PSYoungGen      total 23040K, used 22702K [0x00000000d5580000, 0x00000000d7000000, 0x0000000100000000)
  eden space 22016K, 100% used [0x00000000d5580000,0x00000000d6b00000,0x00000000d6b00000)
  from space 1024K, 67% used [0x00000000d6f00000,0x00000000d6fab8a0,0x00000000d7000000)
  to   space 1024K, 0% used [0x00000000d6e00000,0x00000000d6e00000,0x00000000d6f00000)
 ParOldGen       total 68608K, used 19572K [0x0000000080000000, 0x0000000084300000, 0x00000000d5580000)
  object space 68608K, 28% used [0x0000000080000000,0x000000008131d2b0,0x0000000084300000)
 Metaspace       used 29488K, committed 30464K, reserved 1114112K
  class space    used 2848K, committed 3264K, reserved 1048576K
}
Event: 5.501 GC heap after
{Heap after GC invocations=16 (full 1):
 PSYoungGen      total 23040K, used 996K [0x00000000d5580000, 0x00000000d6f80000, 0x0000000100000000)
  eden space 22016K, 0% used [0x00000000d5580000,0x00000000d5580000,0x00000000d6b00000)
  from space 1024K, 97% used [0x00000000d6e00000,0x00000000d6ef91b8,0x00000000d6f00000)
  to   space 512K, 0% used [0x00000000d6f00000,0x00000000d6f00000,0x00000000d6f80000)
 ParOldGen       total 68608K, used 19970K [0x0000000080000000, 0x0000000084300000, 0x00000000d5580000)
  object space 68608K, 29% used [0x0000000080000000,0x0000000081380ad0,0x0000000084300000)
 Metaspace       used 29488K, committed 30464K, reserved 1114112K
  class space    used 2848K, committed 3264K, reserved 1048576K
}
Event: 5.747 GC heap before
{Heap before GC invocations=17 (full 1):
 PSYoungGen      total 23040K, used 23012K [0x00000000d5580000, 0x00000000d6f80000, 0x0000000100000000)
  eden space 22016K, 100% used [0x00000000d5580000,0x00000000d6b00000,0x00000000d6b00000)
  from space 1024K, 97% used [0x00000000d6e00000,0x00000000d6ef91b8,0x00000000d6f00000)
  to   space 512K, 0% used [0x00000000d6f00000,0x00000000d6f00000,0x00000000d6f80000)
 ParOldGen       total 68608K, used 19970K [0x0000000080000000, 0x0000000084300000, 0x00000000d5580000)
  object space 68608K, 29% used [0x0000000080000000,0x0000000081380ad0,0x0000000084300000)
 Metaspace       used 31925K, committed 33088K, reserved 1114112K
  class space    used 3120K, committed 3648K, reserved 1048576K
}
Event: 5.749 GC heap after
{Heap after GC invocations=17 (full 1):
 PSYoungGen      total 22528K, used 499K [0x00000000d5580000, 0x00000000d6f80000, 0x0000000100000000)
  eden space 22016K, 0% used [0x00000000d5580000,0x00000000d5580000,0x00000000d6b00000)
  from space 512K, 97% used [0x00000000d6f00000,0x00000000d6f7ce68,0x00000000d6f80000)
  to   space 2048K, 0% used [0x00000000d6b80000,0x00000000d6b80000,0x00000000d6d80000)
 ParOldGen       total 68608K, used 21392K [0x0000000080000000, 0x0000000084300000, 0x00000000d5580000)
  object space 68608K, 31% used [0x0000000080000000,0x00000000814e42a8,0x0000000084300000)
 Metaspace       used 31925K, committed 33088K, reserved 1114112K
  class space    used 3120K, committed 3648K, reserved 1048576K
}

